0 info it worked if it ends with ok
1 verbose cli [ 'node', '/usr/local/bin/npm', 'install' ]
2 info using npm@1.4.3
3 info using node@v0.10.26
4 verbose readDependencies using package.json deps
5 verbose install where, deps [ '/Users/yujun/developer/quanzi',
5 verbose install   [ 'body-parser',
5 verbose install     'bootstrap',
5 verbose install     'cookie-parser',
5 verbose install     'debug',
5 verbose install     'express',
5 verbose install     'gulp',
5 verbose install     'gulp-jshint',
5 verbose install     'gulp-less',
5 verbose install     'gulp-nodemon',
5 verbose install     'jade',
5 verbose install     'jquery',
5 verbose install     'mongoose',
5 verbose install     'morgan',
5 verbose install     'serve-favicon' ] ]
6 info preinstall pt@0.0.0
7 verbose readDependencies using package.json deps
8 verbose already installed skipping cookie-parser@~1.3.3 /Users/yujun/developer/quanzi
9 verbose already installed skipping bootstrap@^3.3.4 /Users/yujun/developer/quanzi
10 verbose already installed skipping debug@~2.0.0 /Users/yujun/developer/quanzi
11 verbose already installed skipping express@~4.9.0 /Users/yujun/developer/quanzi
12 verbose already installed skipping gulp@^3.8.11 /Users/yujun/developer/quanzi
13 verbose already installed skipping gulp-jshint@^1.10.0 /Users/yujun/developer/quanzi
14 verbose already installed skipping gulp-nodemon@^2.0.3 /Users/yujun/developer/quanzi
15 verbose already installed skipping gulp-less@^3.0.3 /Users/yujun/developer/quanzi
16 verbose already installed skipping jade@~1.6.0 /Users/yujun/developer/quanzi
17 verbose already installed skipping jquery@^2.1.4 /Users/yujun/developer/quanzi
18 verbose already installed skipping morgan@~1.3.0 /Users/yujun/developer/quanzi
19 verbose already installed skipping mongoose@^4.0.2 /Users/yujun/developer/quanzi
20 verbose already installed skipping serve-favicon@~2.1.3 /Users/yujun/developer/quanzi
21 verbose already installed skipping body-parser@~1.8.1 /Users/yujun/developer/quanzi
22 silly resolved []
23 info build /Users/yujun/developer/quanzi
24 verbose linkStuff [ false, false, false, '/Users/yujun/developer' ]
25 info linkStuff pt@0.0.0
26 verbose linkBins pt@0.0.0
27 verbose linkMans pt@0.0.0
28 verbose rebuildBundles pt@0.0.0
29 verbose rebuildBundles [ '.bin',
29 verbose rebuildBundles   'body-parser',
29 verbose rebuildBundles   'bootstrap',
29 verbose rebuildBundles   'cookie-parser',
29 verbose rebuildBundles   'debug',
29 verbose rebuildBundles   'express',
29 verbose rebuildBundles   'gulp',
29 verbose rebuildBundles   'gulp-jshint',
29 verbose rebuildBundles   'gulp-less',
29 verbose rebuildBundles   'gulp-nodemon',
29 verbose rebuildBundles   'jade',
29 verbose rebuildBundles   'jquery',
29 verbose rebuildBundles   'mongoose',
29 verbose rebuildBundles   'mongoose-data-migrate',
29 verbose rebuildBundles   'mongoose-migrate',
29 verbose rebuildBundles   'morgan',
29 verbose rebuildBundles   'serve-favicon' ]
30 verbose rebuild bundle /Users/yujun/developer/quanzi/node_modules/mongoose-data-migrate
31 info build /Users/yujun/developer/quanzi/node_modules/mongoose-data-migrate
32 info preinstall mongoose-data-migrate@0.1.2
33 verbose linkStuff [ false,
33 verbose linkStuff   false,
33 verbose linkStuff   false,
33 verbose linkStuff   '/Users/yujun/developer/quanzi/node_modules' ]
34 info linkStuff mongoose-data-migrate@0.1.2
35 verbose linkBins mongoose-data-migrate@0.1.2
36 verbose link bins [ { 'mongoose-data-migrate': 'bin/index.js' },
36 verbose link bins   '/Users/yujun/developer/quanzi/node_modules/.bin',
36 verbose link bins   false ]
37 verbose linkMans mongoose-data-migrate@0.1.2
38 verbose rebuildBundles mongoose-data-migrate@0.1.2
39 verbose rebuildBundles [ '.bin', 'cli', 'debug', 'lodash', 'mkdirp', 'q' ]
40 info install mongoose-data-migrate@0.1.2
41 info postinstall mongoose-data-migrate@0.1.2
42 verbose rebuild bundle /Users/yujun/developer/quanzi/node_modules/mongoose-migrate
43 info build /Users/yujun/developer/quanzi/node_modules/mongoose-migrate
44 info preinstall mongoose-migrate@0.2.3
45 verbose linkStuff [ false,
45 verbose linkStuff   false,
45 verbose linkStuff   false,
45 verbose linkStuff   '/Users/yujun/developer/quanzi/node_modules' ]
46 info linkStuff mongoose-migrate@0.2.3
47 verbose linkBins mongoose-migrate@0.2.3
48 verbose link bins [ { 'mongoose-migrate': './bin/migrate' },
48 verbose link bins   '/Users/yujun/developer/quanzi/node_modules/.bin',
48 verbose link bins   false ]
49 verbose linkMans mongoose-migrate@0.2.3
50 verbose rebuildBundles mongoose-migrate@0.2.3
51 verbose rebuildBundles [ 'mongoose' ]
52 info install mongoose-migrate@0.2.3
53 info postinstall mongoose-migrate@0.2.3
54 info install pt@0.0.0
55 info postinstall pt@0.0.0
56 info prepublish pt@0.0.0
57 error peerinvalid The package mongoose does not satisfy its siblings' peerDependencies requirements!
57 error peerinvalid Peer mongoose-data-migrate@0.1.2 wants mongoose@3.8.x
58 error System Darwin 12.5.0
59 error command "node" "/usr/local/bin/npm" "install"
60 error cwd /Users/yujun/developer/quanzi
61 error node -v v0.10.26
62 error npm -v 1.4.3
63 error code EPEERINVALID
64 verbose exit [ 1, true ]
